2025-11-11 02:30:12 - ═══════════════════════════════════════════════════════════════════════════
2025-11-11 02:30:12 - VÉRIFICATION PRÉREQUIS
2025-11-11 02:30:12 - ═══════════════════════════════════════════════════════════════════════════
2025-11-11 02:30:12 - [1/3] Git...
2025-11-11 02:30:12 - ✓ Git : git version 2.51.0
2025-11-11 02:30:12 - [2/3] GitHub CLI...
2025-11-11 02:30:12 - ✓ gh : gh version 2.46.0 (2025-01-13 Debian 2.46.0-3)
2025-11-11 02:30:12 - [3/3] Authentification GitHub...
2025-11-11 02:30:12 - ✓ Authentification active
2025-11-11 02:30:12 - ═══════════════════════════════════════════════════════════════════════════
2025-11-11 02:30:12 - ✓ TOUS PRÉREQUIS OK
2025-11-11 02:30:12 - ═══════════════════════════════════════════════════════════════════════════
2025-11-11 02:30:12 - ═══════════════════════════════════════════════════════════════════════════
2025-11-11 02:30:12 - CRÉATION DÉPÔT GIT COMPLET
2025-11-11 02:30:12 - ═══════════════════════════════════════════════════════════════════════════
2025-11-11 02:30:12 - [1/6] Répertoire local: /mnt/data2_78g/Security/scripts/Projects_security/scan_security
2025-11-11 02:30:12 - → Répertoire existe, conservation fichiers
2025-11-11 02:30:12 - ✓ Accès répertoire OK
2025-11-11 02:30:12 - [2/6] Vérification Git...
2025-11-11 02:30:12 - → Initialisation nouveau dépôt Git (branche main)
2025-11-11 02:30:12 - [3/6] Fichiers de base...
2025-11-11 02:30:12 - ✓ README.md créé
2025-11-11 02:30:12 - → Pas de .gitignore demandé
2025-11-11 02:30:12 - [4/6] Dépôt distant GitHub...
2025-11-11 02:30:15 - ✓ Dépôt distant OK (VIDE)
2025-11-11 02:30:15 - [5/6] Remote origin...
2025-11-11 02:30:15 - ✓ Remote configurée
2025-11-11 02:30:15 - [6/6] Branche working...
2025-11-11 02:30:15 - ✓ Sur branche working
2025-11-11 02:30:15 - ═══════════════════════════════════════════════════════════════════════════
2025-11-11 02:30:15 - ✓ DÉPÔT CRÉÉ AVEC SUCCÈS
2025-11-11 02:30:15 - ═══════════════════════════════════════════════════════════════════════════
2025-11-11 02:30:15 - 
2025-11-11 02:30:15 - INFOS:
2025-11-11 02:30:15 -   • Nom      : scan_security
2025-11-11 02:30:15 -   • Owner    : bdelnoz
2025-11-11 02:30:15 -   • Visibilité: public
2025-11-11 02:30:15 -   • Local    : /mnt/data2_78g/Security/scripts/Projects_security/scan_security
2025-11-11 02:30:15 -   • Distant  : https://github.com/bdelnoz/scan_security (VIDE)
2025-11-11 02:30:15 -   • Branches : main, working (locale ACTIVE)
2025-11-11 02:30:15 -   • Fichiers : Untracked (prêts pour commit manuel)
2025-11-11 02:30:15 - 
2025-11-11 02:30:15 - ⚠ IMPORTANT: Dépôt distant VIDE, aucun commit auto
2025-11-11 02:30:15 - 
2025-11-11 02:30:15 - PROCHAINES ÉTAPES (MANUEL):
2025-11-11 02:30:15 -   cd /mnt/data2_78g/Security/scripts/Projects_security/scan_security
2025-11-11 02:30:15 -   git status
2025-11-11 02:30:15 -   git add .
2025-11-11 02:30:15 -   git commit -m 'Initial commit'
2025-11-11 02:30:15 -   git push -u origin working
2025-11-11 02:30:15 -   git checkout main && git merge working
2025-11-11 02:30:15 -   git push -u origin main
2025-11-11 02:30:15 - 
2025-11-11 02:30:15 - ═══════════════════════════════════════════════════════════════════════════
2025-11-11 02:30:15 - 
2025-11-11 02:30:15 - ═══════════════════════════════════════════════════════════════════════════
2025-11-11 02:30:15 - Script terminé: 2025-11-11 02:30:15
2025-11-11 02:30:15 - ═══════════════════════════════════════════════════════════════════════════
